Using pre-set license
Desktop is 3840 x 1200 @ 60 Hz

 COMMAND LINE ARGUMENTS:
Unity
-adb2
-batchMode
-noUpm
-name
AssetImportWorker0
-projectPath
/home/lukas/Documents/Projects/brackeys-jam-2021-2/brackeys-jam-2021-2
-logFile
Logs/AssetImportWorker0.log
-srvPort
36609
Successfully changed project path to: /home/lukas/Documents/Projects/brackeys-jam-2021-2/brackeys-jam-2021-2
/home/lukas/Documents/Projects/brackeys-jam-2021-2/brackeys-jam-2021-2
Using Asset Import Pipeline V2.
Unable to load player prefs
Refreshing native plugins compatible for Editor in 19.72 ms, found 0 plugins.
Preloading 0 native plugins for Editor in 0.00 ms.
Initialize engine version: 2020.3.16f1 (049d6eca3c44)
[Subsystems] Discovering subsystems at path /home/lukas/Unity/Hub/Editor/2020.3.16f1/Editor/Data/Resources/UnitySubsystems
[Subsystems] Discovering subsystems at path /home/lukas/Documents/Projects/brackeys-jam-2021-2/brackeys-jam-2021-2/Assets
GLX Extensions: GLX_ARB_create_context GLX_ARB_create_context_no_error GLX_ARB_create_context_profile GLX_ARB_create_context_robustness GLX_ARB_fbconfig_float GLX_ARB_framebuffer_sRGB GLX_ARB_get_proc_address GLX_ARB_multisample GLX_EXT_buffer_age GLX_EXT_create_context_es2_profile GLX_EXT_create_context_es_profile GLX_EXT_fbconfig_packed_float GLX_EXT_framebuffer_sRGB GLX_EXT_no_config_context GLX_EXT_swap_control GLX_EXT_swap_control_tear GLX_EXT_texture_from_pixmap GLX_EXT_visual_info GLX_EXT_visual_rating GLX_MESA_copy_sub_buffer GLX_MESA_query_renderer GLX_MESA_swap_control GLX_OML_swap_method GLX_OML_sync_control GLX_SGIS_multisample GLX_SGIX_fbconfig GLX_SGIX_pbuffer GLX_SGIX_visual_select_group GLX_SGI_make_current_read GLX_SGI_video_sync 
Renderer: Mesa Intel(R) Xe Graphics (TGL GT2)
Vendor:   Intel
Version:  4.6 (Core Profile) Mesa 21.2.1
GLES:     0
 GL_3DFX_texture_compression_FXT1 GL_AMD_conservative_depth GL_AMD_depth_clamp_separate GL_AMD_draw_buffers_blend GL_AMD_gpu_shader_int64 GL_AMD_multi_draw_indirect GL_AMD_performance_monitor GL_AMD_pinned_memory GL_AMD_query_buffer_object GL_AMD_seamless_cubemap_per_texture GL_AMD_shader_stencil_export GL_AMD_shader_trinary_minmax GL_AMD_texture_texture4 GL_AMD_vertex_shader_layer GL_AMD_vertex_shader_viewport_index GL_ANGLE_texture_compression_dxt3 GL_ANGLE_texture_compression_dxt5 GL_ARB_ES2_compatibility GL_ARB_ES3_1_compatibility GL_ARB_ES3_2_compatibility GL_ARB_ES3_compatibility GL_ARB_arrays_of_arrays GL_ARB_base_instance GL_ARB_blend_func_extended GL_ARB_buffer_storage GL_ARB_clear_buffer_object GL_ARB_clear_texture GL_ARB_clip_control GL_ARB_compressed_texture_pixel_storage GL_ARB_compute_shader GL_ARB_compute_variable_group_size GL_ARB_conditional_render_inverted GL_ARB_conservative_depth GL_ARB_copy_buffer GL_ARB_copy_image GL_ARB_cull_distance GL_ARB_debug_output GL_ARB_depth_buffer_float GL_ARB
_depth_clamp GL_ARB_derivative_control GL_ARB_direct_state_access GL_ARB_draw_buffers GL_ARB_draw_buffers_blend GL_ARB_draw_elements_base_vertex GL_ARB_draw_indirect GL_ARB_draw_instanced GL_ARB_enhanced_layouts GL_ARB_explicit_attrib_location GL_ARB_explicit_uniform_location GL_ARB_fragment_coord_conventions GL_ARB_fragment_layer_viewport GL_ARB_fragment_shader GL_ARB_fragment_shader_interlock GL_ARB_framebuffer_no_attachments GL_ARB_framebuffer_object GL_ARB_framebuffer_sRGB GL_ARB_get_program_binary GL_ARB_get_texture_sub_image GL_ARB_gl_spirv GL_ARB_gpu_shader5 GL_ARB_gpu_shader_fp64 GL_ARB_gpu_shader_int64 GL_ARB_half_float_pixel GL_ARB_half_float_vertex GL_ARB_indirect_parameters GL_ARB_instanced_arrays GL_ARB_internalformat_query GL_ARB_internalformat_query2 GL_ARB_invalidate_subdata GL_ARB_map_buffer_alignment GL_ARB_map_buffer_range GL_ARB_multi_bind GL_ARB_multi_draw_indirect GL_ARB_occlusion_query2 GL_ARB_parallel_shader_compile GL_ARB_pipeline_statistics_query GL_ARB_pixel_buffer_object GL_ARB_po
int_sprite GL_ARB_polygon_offset_clamp GL_ARB_post_depth_coverage GL_ARB_program_interface_query GL_ARB_provoking_vertex GL_ARB_query_buffer_object GL_ARB_robust_buffer_access_behavior GL_ARB_robustness GL_ARB_sample_shading GL_ARB_sampler_objects GL_ARB_seamless_cube_map GL_ARB_seamless_cubemap_per_texture GL_ARB_separate_shader_objects GL_ARB_shader_atomic_counter_ops GL_ARB_shader_atomic_counters GL_ARB_shader_ballot GL_ARB_shader_bit_encoding GL_ARB_shader_clock GL_ARB_shader_draw_parameters GL_ARB_shader_group_vote GL_ARB_shader_image_load_store GL_ARB_shader_image_size GL_ARB_shader_objects GL_ARB_shader_precision GL_ARB_shader_stencil_export GL_ARB_shader_storage_buffer_object GL_ARB_shader_subroutine GL_ARB_shader_texture_image_samples GL_ARB_shader_texture_lod GL_ARB_shader_viewport_layer_array GL_ARB_shading_language_420pack GL_ARB_shading_language_include GL_ARB_shading_language_packing GL_ARB_spirv_extensions GL_ARB_stencil_texturing GL_ARB_sync GL_ARB_tessellation_shader GL_ARB_texture_barrier G
L_ARB_texture_buffer_object GL_ARB_texture_buffer_object_rgb32 GL_ARB_texture_buffer_range GL_ARB_texture_compression_bptc GL_ARB_texture_compression_rgtc GL_ARB_texture_cube_map_array GL_ARB_texture_filter_anisotropic GL_ARB_texture_float GL_ARB_texture_gather GL_ARB_texture_mirror_clamp_to_edge GL_ARB_texture_multisample GL_ARB_texture_non_power_of_two GL_ARB_texture_query_levels GL_ARB_texture_query_lod GL_ARB_texture_rectangle GL_ARB_texture_rg GL_ARB_texture_rgb10_a2ui GL_ARB_texture_stencil8 GL_ARB_texture_storage GL_ARB_texture_storage_multisample GL_ARB_texture_swizzle GL_ARB_texture_view GL_ARB_timer_query GL_ARB_transform_feedback2 GL_ARB_transform_feedback3 GL_ARB_transform_feedback_instanced GL_ARB_transform_feedback_overflow_query GL_ARB_uniform_buffer_object GL_ARB_vertex_array_bgra GL_ARB_vertex_array_object GL_ARB_vertex_attrib_64bit GL_ARB_vertex_attrib_binding GL_ARB_vertex_buffer_object GL_ARB_vertex_shader GL_ARB_vertex_type_10f_11f_11f_rev GL_ARB_vertex_type_2_10_10_10_rev GL_ARB_viewpor
t_array GL_ATI_blend_equation_separate GL_ATI_texture_float GL_EXT_EGL_image_storage GL_EXT_EGL_sync GL_EXT_abgr GL_EXT_blend_equation_separate GL_EXT_demote_to_helper_invocation GL_EXT_depth_bounds_test GL_EXT_draw_buffers2 GL_EXT_draw_instanced GL_EXT_framebuffer_blit GL_EXT_framebuffer_multisample GL_EXT_framebuffer_multisample_blit_scaled GL_EXT_framebuffer_object GL_EXT_framebuffer_sRGB GL_EXT_memory_object GL_EXT_memory_object_fd GL_EXT_packed_depth_stencil GL_EXT_packed_float GL_EXT_pixel_buffer_object GL_EXT_polygon_offset_clamp GL_EXT_provoking_vertex GL_EXT_semaphore GL_EXT_semaphore_fd GL_EXT_shader_framebuffer_fetch GL_EXT_shader_framebuffer_fetch_non_coherent GL_EXT_shader_integer_mix GL_EXT_shader_samples_identical GL_EXT_texture_array GL_EXT_texture_compression_dxt1 GL_EXT_texture_compression_rgtc GL_EXT_texture_compression_s3tc GL_EXT_texture_filter_anisotropic GL_EXT_texture_integer GL_EXT_texture_sRGB GL_EXT_texture_sRGB_R8 GL_EXT_texture_sRGB_decode GL_EXT_texture_shadow_lod GL_EXT_texture
_shared_exponent GL_EXT_texture_snorm GL_EXT_texture_swizzle GL_EXT_timer_query GL_EXT_transform_feedback GL_EXT_vertex_array_bgra GL_EXT_vertex_attrib_64bit GL_IBM_multimode_draw_arrays GL_INTEL_blackhole_render GL_INTEL_conservative_rasterization GL_INTEL_performance_query GL_INTEL_shader_atomic_float_minmax GL_INTEL_shader_integer_functions2 GL_KHR_blend_equation_advanced GL_KHR_blend_equation_advanced_coherent GL_KHR_context_flush_control GL_KHR_debug GL_KHR_no_error GL_KHR_parallel_shader_compile GL_KHR_robust_buffer_access_behavior GL_KHR_robustness GL_KHR_texture_compression_astc_ldr GL_KHR_texture_compression_astc_sliced_3d GL_MESA_framebuffer_flip_y GL_MESA_pack_invert GL_MESA_shader_integer_functions GL_MESA_texture_signed_rgba GL_NV_compute_shader_derivatives GL_NV_conditional_render GL_NV_copy_image GL_NV_depth_clamp GL_NV_fragment_shader_interlock GL_NV_packed_depth_stencil GL_NV_texture_barrier GL_OES_EGL_image GL_S3_s3tc
OPENGL LOG: Creating OpenGL 4.6 graphics device ; Context level  <OpenGL 4.5> ; Context handle -1218825552
../mesa-21.2.1/src/intel/isl/isl.c:2096: FINISHME: ../mesa-21.2.1/src/intel/isl/isl.c:isl_surf_supports_ccs: CCS for 3D textures is disabled, but a workaround is available.
Initialize mono
Mono path[0] = '/home/lukas/Unity/Hub/Editor/2020.3.16f1/Editor/Data/Managed'
Mono path[1] = '/home/lukas/Unity/Hub/Editor/2020.3.16f1/Editor/Data/MonoBleedingEdge/lib/mono/unityjit'
Mono config path = '/home/lukas/Unity/Hub/Editor/2020.3.16f1/Editor/Data/MonoBleedingEdge/etc'
Using monoOptions --debugger-agent=transport=dt_socket,embedding=1,server=y,suspend=n,address=127.0.0.1:56688
Begin MonoManager ReloadAssembly
Registering precompiled unity dll's ...
Trying to register platform support module: /home/lukas/Unity/Hub/Editor/2020.3.16f1/Editor/Data/PlaybackEngines/MacStandaloneSupport/UnityEditor.OSXStandalone.Extensions.dll (that doesn't exist). Retrying without overrides.
Platform support module is not available: /home/lukas/Unity/Hub/Editor/2020.3.16f1/Editor/Data/PlaybackEngines/MacStandaloneSupport/UnityEditor.OSXStandalone.Extensions.dll
Trying to register platform support module: /home/lukas/Unity/Hub/Editor/2020.3.16f1/Editor/Data/PlaybackEngines/WindowsStandaloneSupport/UnityEditor.WindowsStandalone.Extensions.dll (that doesn't exist). Retrying without overrides.
Platform support module is not available: /home/lukas/Unity/Hub/Editor/2020.3.16f1/Editor/Data/PlaybackEngines/WindowsStandaloneSupport/UnityEditor.WindowsStandalone.Extensions.dll
Register platform support module: /home/lukas/Unity/Hub/Editor/2020.3.16f1/Editor/Data/PlaybackEngines/LinuxStandaloneSupport/UnityEditor.LinuxStandalone.Extensions.dll
Registered in 0.000990 seconds.
Native extension for LinuxStandalone target not found
Refreshing native plugins compatible for Editor in 20.74 ms, found 0 plugins.
Preloading 0 native plugins for Editor in 0.00 ms.
Mono: successfully reloaded assembly
- Completed reload, in  1.119 seconds
Domain Reload Profiling:
	ReloadAssembly (1119ms)
		BeginReloadAssembly (22ms)
			ExecutionOrderSort (0ms)
			DisableScriptedObjects (0ms)
			BackupInstance (0ms)
			ReleaseScriptingObjects (0ms)
			CreateAndSetChildDomain (1ms)
		EndReloadAssembly (323ms)
			LoadAssemblies (20ms)
			RebuildTransferFunctionScriptingTraits (0ms)
			SetupTypeCache (104ms)
			ReleaseScriptCaches (0ms)
			RebuildScriptCaches (31ms)
			SetupLoadedEditorAssemblies (147ms)
				LogAssemblyErrors (0ms)
				InitializePlatformSupportModulesInManaged (4ms)
				SetLoadedEditorAssemblies (0ms)
				RefreshPlugins (21ms)
				BeforeProcessingInitializeOnLoad (5ms)
				ProcessInitializeOnLoadAttributes (96ms)
				ProcessInitializeOnLoadMethodAttributes (21ms)
				AfterProcessingInitializeOnLoad (0ms)
				EditorAssembliesLoaded (0ms)
			ExecutionOrderSort2 (0ms)
			AwakeInstancesAfterBackupRestoration (0ms)
Platform modules already initialized, skipping
Registering precompiled user dll's ...
Registered in 0.001668 seconds.
Begin MonoManager ReloadAssembly
Native extension for LinuxStandalone target not found
Refreshing native plugins compatible for Editor in 0.31 ms, found 0 plugins.
Preloading 0 native plugins for Editor in 0.00 ms.
Mono: successfully reloaded assembly
- Completed reload, in  0.813 seconds
Domain Reload Profiling:
	ReloadAssembly (813ms)
		BeginReloadAssembly (100ms)
			ExecutionOrderSort (0ms)
			DisableScriptedObjects (4ms)
			BackupInstance (0ms)
			ReleaseScriptingObjects (0ms)
			CreateAndSetChildDomain (16ms)
		EndReloadAssembly (666ms)
			LoadAssemblies (50ms)
			RebuildTransferFunctionScriptingTraits (0ms)
			SetupTypeCache (196ms)
			ReleaseScriptCaches (0ms)
			RebuildScriptCaches (33ms)
			SetupLoadedEditorAssemblies (310ms)
				LogAssemblyErrors (0ms)
				InitializePlatformSupportModulesInManaged (4ms)
				SetLoadedEditorAssemblies (0ms)
				RefreshPlugins (0ms)
				BeforeProcessingInitializeOnLoad (40ms)
				ProcessInitializeOnLoadAttributes (259ms)
				ProcessInitializeOnLoadMethodAttributes (3ms)
				AfterProcessingInitializeOnLoad (3ms)
				EditorAssembliesLoaded (0ms)
			ExecutionOrderSort2 (0ms)
			AwakeInstancesAfterBackupRestoration (5ms)
Platform modules already initialized, skipping
========================================================================
Worker process is ready to serve import requests
Launched and connected shader compiler UnityShaderCompiler after 0.01 seconds
Refreshing native plugins compatible for Editor in 0.23 ms, found 0 plugins.
Preloading 0 native plugins for Editor in 0.00 ms.
Unloading 1398 Unused Serialized files (Serialized files now loaded: 0)
System memory in use before: 59.2 MB.
System memory in use after: 59.2 MB.

Unloading 18 unused Assets to reduce memory usage. Loaded Objects now: 1831.
Total: 7.301474 ms (FindLiveObjects: 0.105967 ms CreateObjectMapping: 0.031323 ms MarkObjects: 7.029618 ms  DeleteObjects: 0.133332 ms)

AssetImportParameters requested are different than current active one (requested -> active):
  custom:video-decoder-ogg-theora: a1e56fd34408186e4bbccfd4996cb3dc -> 
  custom:container-muxer-webm: aa71ff27fc2769a1b78a27578f13a17b -> 
  custom:container-demuxer-webm: 4f35f7cbe854078d1ac9338744f61a02 -> 
  custom:container-demuxer-ogg: 62fdf1f143b41e24485cea50d1cbac27 -> 
  custom:video-encoder-webm-vp8: eb34c28f22e8b96e1ab97ce403110664 -> 
  custom:video-decoder-webm-vp8: 9c59270c3fd7afecdb556c50c9e8de78 -> 
  custom:audio-decoder-ogg-vorbis: bf7c407c2cedff20999df2af8eb42d56 -> 
  custom:audio-encoder-webm-vorbis: bf7c407c2cedff20999df2af8eb42d56 -> 
========================================================================
Received Import Request.
  path: Assets/CameraController.cs
  artifactKey: Guid(3e1bc3de4960e664294927e72a155af1) Importer(815301076,1909f56bfc062723c751e8b465ee728b)
Start importing Assets/CameraController.cs using Guid(3e1bc3de4960e664294927e72a155af1) Importer(815301076,1909f56bfc062723c751e8b465ee728b)  -> (artifact id: 'efd7be0675085c5291495910697f8550') in 0.002554 seconds 
  Import took 0.004380 seconds .

========================================================================
Received Import Request.
  Time since last request: 412.711531 seconds.
  path: Assets/New Terrain.asset
  artifactKey: Guid(9bab20391b750aa1184216d783c24c88) Importer(815301076,1909f56bfc062723c751e8b465ee728b)
Start importing Assets/New Terrain.asset using Guid(9bab20391b750aa1184216d783c24c88) Importer(815301076,1909f56bfc062723c751e8b465ee728b)  -> (artifact id: 'f1d145c456276242efeb5b7e97c38033') in 0.016923 seconds 
  Import took 0.019830 seconds .

========================================================================
Received Import Request.
  Time since last request: 0.009031 seconds.
  path: Assets/New Terrain.asset
  artifactKey: Guid(9bab20391b750aa1184216d783c24c88) Importer(815301076,1909f56bfc062723c751e8b465ee728b)
Start importing Assets/New Terrain.asset using Guid(9bab20391b750aa1184216d783c24c88) Importer(815301076,1909f56bfc062723c751e8b465ee728b)  -> (artifact id: 'f1d145c456276242efeb5b7e97c38033') in 0.005782 seconds 
  Import took 0.008788 seconds .

========================================================================
Received Import Request.
  Time since last request: 59.404174 seconds.
  path: Assets/Scenes
  artifactKey: Guid(e3205368e11ca893aa9fa3a66286a1b7) Importer(815301076,1909f56bfc062723c751e8b465ee728b)
Start importing Assets/Scenes using Guid(e3205368e11ca893aa9fa3a66286a1b7) Importer(815301076,1909f56bfc062723c751e8b465ee728b)  -> (artifact id: 'd4911a4648b13e79bee13ca15b5ad648') in 0.000587 seconds 
  Import took 0.002569 seconds .

========================================================================
Received Import Request.
  Time since last request: 3.890726 seconds.
  path: Assets/Scenes/SampleScene.unity
  artifactKey: Guid(9fc0d4010bbf28b4594072e72b8655ab) Importer(815301076,1909f56bfc062723c751e8b465ee728b)
Start importing Assets/Scenes/SampleScene.unity using Guid(9fc0d4010bbf28b4594072e72b8655ab) Importer(815301076,1909f56bfc062723c751e8b465ee728b)  -> (artifact id: '85059f4f9e1a832ed95adaa0d25c5c4c') in 0.000911 seconds 
  Import took 0.002852 seconds .

========================================================================
Received Import Request.
  Time since last request: 54.326415 seconds.
  path: Assets/Prefabs
  artifactKey: Guid(b786e2888c10787dfb59ac0db25c8f0e) Importer(815301076,1909f56bfc062723c751e8b465ee728b)
Start importing Assets/Prefabs using Guid(b786e2888c10787dfb59ac0db25c8f0e) Importer(815301076,1909f56bfc062723c751e8b465ee728b)  -> (artifact id: '681bbe7dd6eee854d912e8fb18baafa8') in 0.000703 seconds 
  Import took 0.002801 seconds .

========================================================================
Received Import Request.
  Time since last request: 34.804597 seconds.
  path: Assets/Scripts
  artifactKey: Guid(fc67518fba27b1453b5915545623f59f) Importer(815301076,1909f56bfc062723c751e8b465ee728b)
Start importing Assets/Scripts using Guid(fc67518fba27b1453b5915545623f59f) Importer(815301076,1909f56bfc062723c751e8b465ee728b)  -> (artifact id: '9968dea6e76ec495223785908655ab6f') in 0.000717 seconds 
  Import took 0.002673 seconds .

========================================================================
Received Prepare
Registering precompiled user dll's ...
Registered in 0.001530 seconds.
Begin MonoManager ReloadAssembly
Native extension for LinuxStandalone target not found
Refreshing native plugins compatible for Editor in 0.23 ms, found 0 plugins.
Preloading 0 native plugins for Editor in 0.00 ms.
Mono: successfully reloaded assembly
- Completed reload, in  0.724 seconds
Domain Reload Profiling:
	ReloadAssembly (725ms)
		BeginReloadAssembly (68ms)
			ExecutionOrderSort (0ms)
			DisableScriptedObjects (3ms)
			BackupInstance (0ms)
			ReleaseScriptingObjects (0ms)
			CreateAndSetChildDomain (28ms)
		EndReloadAssembly (615ms)
			LoadAssemblies (45ms)
			RebuildTransferFunctionScriptingTraits (0ms)
			SetupTypeCache (187ms)
			ReleaseScriptCaches (1ms)
			RebuildScriptCaches (30ms)
			SetupLoadedEditorAssemblies (269ms)
				LogAssemblyErrors (0ms)
				InitializePlatformSupportModulesInManaged (4ms)
				SetLoadedEditorAssemblies (0ms)
				RefreshPlugins (0ms)
				BeforeProcessingInitializeOnLoad (35ms)
				ProcessInitializeOnLoadAttributes (224ms)
				ProcessInitializeOnLoadMethodAttributes (2ms)
				AfterProcessingInitializeOnLoad (3ms)
				EditorAssembliesLoaded (0ms)
			ExecutionOrderSort2 (0ms)
			AwakeInstancesAfterBackupRestoration (5ms)
Platform modules already initialized, skipping
Refreshing native plugins compatible for Editor in 0.22 ms, found 0 plugins.
Preloading 0 native plugins for Editor in 0.00 ms.
Unloading 1392 Unused Serialized files (Serialized files now loaded: 0)
System memory in use before: 59.7 MB.
System memory in use after: 59.3 MB.

Unloading 15 unused Assets to reduce memory usage. Loaded Objects now: 1834.
Total: 4.128300 ms (FindLiveObjects: 0.095212 ms CreateObjectMapping: 0.022105 ms MarkObjects: 3.745384 ms  DeleteObjects: 0.264830 ms)

AssetImportParameters requested are different than current active one (requested -> active):
  custom:video-decoder-ogg-theora: a1e56fd34408186e4bbccfd4996cb3dc -> 
  custom:container-muxer-webm: aa71ff27fc2769a1b78a27578f13a17b -> 
  custom:container-demuxer-webm: 4f35f7cbe854078d1ac9338744f61a02 -> 
  custom:container-demuxer-ogg: 62fdf1f143b41e24485cea50d1cbac27 -> 
  custom:video-encoder-webm-vp8: eb34c28f22e8b96e1ab97ce403110664 -> 
  custom:video-decoder-webm-vp8: 9c59270c3fd7afecdb556c50c9e8de78 -> 
  custom:audio-decoder-ogg-vorbis: bf7c407c2cedff20999df2af8eb42d56 -> 
  custom:audio-encoder-webm-vorbis: bf7c407c2cedff20999df2af8eb42d56 -> 
========================================================================
Received Import Request.
  Time since last request: 30.314482 seconds.
  path: Assets/Scripts/InputHanlder.cs
  artifactKey: Guid(b272bb30c23fce275a87c6226887bb1e) Importer(815301076,1909f56bfc062723c751e8b465ee728b)
Start importing Assets/Scripts/InputHanlder.cs using Guid(b272bb30c23fce275a87c6226887bb1e) Importer(815301076,1909f56bfc062723c751e8b465ee728b)  -> (artifact id: '56baf0eaa8cbaabb808c152c36f08ae5') in 0.002771 seconds 
  Import took 0.005384 seconds .

========================================================================
Received Prepare
Registering precompiled user dll's ...
Registered in 0.001552 seconds.
Begin MonoManager ReloadAssembly
Native extension for LinuxStandalone target not found
Refreshing native plugins compatible for Editor in 0.27 ms, found 0 plugins.
Preloading 0 native plugins for Editor in 0.00 ms.
Mono: successfully reloaded assembly
- Completed reload, in  0.726 seconds
Domain Reload Profiling:
	ReloadAssembly (726ms)
		BeginReloadAssembly (63ms)
			ExecutionOrderSort (0ms)
			DisableScriptedObjects (3ms)
			BackupInstance (0ms)
			ReleaseScriptingObjects (0ms)
			CreateAndSetChildDomain (24ms)
		EndReloadAssembly (621ms)
			LoadAssemblies (45ms)
			RebuildTransferFunctionScriptingTraits (0ms)
			SetupTypeCache (186ms)
			ReleaseScriptCaches (1ms)
			RebuildScriptCaches (31ms)
			SetupLoadedEditorAssemblies (278ms)
				LogAssemblyErrors (0ms)
				InitializePlatformSupportModulesInManaged (4ms)
				SetLoadedEditorAssemblies (0ms)
				RefreshPlugins (0ms)
				BeforeProcessingInitializeOnLoad (34ms)
				ProcessInitializeOnLoadAttributes (233ms)
				ProcessInitializeOnLoadMethodAttributes (3ms)
				AfterProcessingInitializeOnLoad (3ms)
				EditorAssembliesLoaded (0ms)
			ExecutionOrderSort2 (0ms)
			AwakeInstancesAfterBackupRestoration (5ms)
Platform modules already initialized, skipping
Refreshing native plugins compatible for Editor in 0.24 ms, found 0 plugins.
Preloading 0 native plugins for Editor in 0.00 ms.
Unloading 1393 Unused Serialized files (Serialized files now loaded: 0)
System memory in use before: 59.3 MB.
System memory in use after: 59.4 MB.

Unloading 13 unused Assets to reduce memory usage. Loaded Objects now: 1837.
Total: 4.092866 ms (FindLiveObjects: 0.101702 ms CreateObjectMapping: 0.021408 ms MarkObjects: 3.917834 ms  DeleteObjects: 0.051071 ms)

AssetImportParameters requested are different than current active one (requested -> active):
  custom:video-decoder-ogg-theora: a1e56fd34408186e4bbccfd4996cb3dc -> 
  custom:container-muxer-webm: aa71ff27fc2769a1b78a27578f13a17b -> 
  custom:container-demuxer-webm: 4f35f7cbe854078d1ac9338744f61a02 -> 
  custom:container-demuxer-ogg: 62fdf1f143b41e24485cea50d1cbac27 -> 
  custom:video-encoder-webm-vp8: eb34c28f22e8b96e1ab97ce403110664 -> 
  custom:video-decoder-webm-vp8: 9c59270c3fd7afecdb556c50c9e8de78 -> 
  custom:audio-decoder-ogg-vorbis: bf7c407c2cedff20999df2af8eb42d56 -> 
  custom:audio-encoder-webm-vorbis: bf7c407c2cedff20999df2af8eb42d56 -> 
========================================================================
Received Import Request.
  Time since last request: 14.620791 seconds.
  path: Assets/Scripts/PlayerMovement.cs
  artifactKey: Guid(1e8dcc3748e881fd9af38eb28530afaa) Importer(815301076,1909f56bfc062723c751e8b465ee728b)
Start importing Assets/Scripts/PlayerMovement.cs using Guid(1e8dcc3748e881fd9af38eb28530afaa) Importer(815301076,1909f56bfc062723c751e8b465ee728b)  -> (artifact id: 'a3073b90b9baae97090a5c43811fd12a') in 0.002779 seconds 
  Import took 0.004902 seconds .

========================================================================
Received Prepare
Registering precompiled user dll's ...
Registered in 0.001552 seconds.
Begin MonoManager ReloadAssembly
Native extension for LinuxStandalone target not found
Refreshing native plugins compatible for Editor in 0.25 ms, found 0 plugins.
Preloading 0 native plugins for Editor in 0.00 ms.
Mono: successfully reloaded assembly
- Completed reload, in  0.775 seconds
Domain Reload Profiling:
	ReloadAssembly (775ms)
		BeginReloadAssembly (67ms)
			ExecutionOrderSort (0ms)
			DisableScriptedObjects (3ms)
			BackupInstance (0ms)
			ReleaseScriptingObjects (0ms)
			CreateAndSetChildDomain (26ms)
		EndReloadAssembly (662ms)
			LoadAssemblies (49ms)
			RebuildTransferFunctionScriptingTraits (0ms)
			SetupTypeCache (199ms)
			ReleaseScriptCaches (1ms)
			RebuildScriptCaches (31ms)
			SetupLoadedEditorAssemblies (297ms)
				LogAssemblyErrors (0ms)
				InitializePlatformSupportModulesInManaged (5ms)
				SetLoadedEditorAssemblies (0ms)
				RefreshPlugins (0ms)
				BeforeProcessingInitializeOnLoad (36ms)
				ProcessInitializeOnLoadAttributes (249ms)
				ProcessInitializeOnLoadMethodAttributes (3ms)
				AfterProcessingInitializeOnLoad (3ms)
				EditorAssembliesLoaded (0ms)
			ExecutionOrderSort2 (0ms)
			AwakeInstancesAfterBackupRestoration (5ms)
Platform modules already initialized, skipping
Refreshing native plugins compatible for Editor in 0.28 ms, found 0 plugins.
Preloading 0 native plugins for Editor in 0.00 ms.
Unloading 1394 Unused Serialized files (Serialized files now loaded: 0)
System memory in use before: 59.4 MB.
System memory in use after: 59.4 MB.

Unloading 13 unused Assets to reduce memory usage. Loaded Objects now: 1840.
Total: 3.883574 ms (FindLiveObjects: 0.109450 ms CreateObjectMapping: 0.025166 ms MarkObjects: 3.703392 ms  DeleteObjects: 0.044664 ms)

AssetImportParameters requested are different than current active one (requested -> active):
  custom:video-decoder-ogg-theora: a1e56fd34408186e4bbccfd4996cb3dc -> 
  custom:container-muxer-webm: aa71ff27fc2769a1b78a27578f13a17b -> 
  custom:container-demuxer-webm: 4f35f7cbe854078d1ac9338744f61a02 -> 
  custom:container-demuxer-ogg: 62fdf1f143b41e24485cea50d1cbac27 -> 
  custom:video-encoder-webm-vp8: eb34c28f22e8b96e1ab97ce403110664 -> 
  custom:video-decoder-webm-vp8: 9c59270c3fd7afecdb556c50c9e8de78 -> 
  custom:audio-decoder-ogg-vorbis: bf7c407c2cedff20999df2af8eb42d56 -> 
  custom:audio-encoder-webm-vorbis: bf7c407c2cedff20999df2af8eb42d56 -> 
========================================================================
Received Import Request.
  Time since last request: 395.748126 seconds.
  path: Assets/Scripts/PlayerMovement.cs
  artifactKey: Guid(1e8dcc3748e881fd9af38eb28530afaa) Importer(815301076,1909f56bfc062723c751e8b465ee728b)
Start importing Assets/Scripts/PlayerMovement.cs using Guid(1e8dcc3748e881fd9af38eb28530afaa) Importer(815301076,1909f56bfc062723c751e8b465ee728b)  -> (artifact id: '62fb858192f15b1764f73e786eef6fec') in 0.003267 seconds 
  Import took 0.005494 seconds .

========================================================================
Received Import Request.
  Time since last request: 14.084861 seconds.
  path: Assets/Prefabs/Player.prefab
  artifactKey: Guid(f434ad5340fb1d3959dfeadd2899e4bb) Importer(815301076,1909f56bfc062723c751e8b465ee728b)
Start importing Assets/Prefabs/Player.prefab using Guid(f434ad5340fb1d3959dfeadd2899e4bb) Importer(815301076,1909f56bfc062723c751e8b465ee728b)  -> (artifact id: '05787f310453e0b0a492053b7716b2f1') in 0.017482 seconds 
  Import took 0.019343 seconds .

========================================================================
Received Import Request.
  Time since last request: 0.008907 seconds.
  path: Assets/Prefabs/Player.prefab
  artifactKey: Guid(f434ad5340fb1d3959dfeadd2899e4bb) Importer(815301076,1909f56bfc062723c751e8b465ee728b)
Start importing Assets/Prefabs/Player.prefab using Guid(f434ad5340fb1d3959dfeadd2899e4bb) Importer(815301076,1909f56bfc062723c751e8b465ee728b)  -> (artifact id: '05787f310453e0b0a492053b7716b2f1') in 0.002286 seconds 
  Import took 0.004068 seconds .

========================================================================
Received Import Request.
  Time since last request: 16.743636 seconds.
  path: Assets/Prefabs/Player.prefab
  artifactKey: Guid(f434ad5340fb1d3959dfeadd2899e4bb) Importer(815301076,1909f56bfc062723c751e8b465ee728b)
Start importing Assets/Prefabs/Player.prefab using Guid(f434ad5340fb1d3959dfeadd2899e4bb) Importer(815301076,1909f56bfc062723c751e8b465ee728b)  -> (artifact id: 'd95aa21a70e0481f7eb24beacef165a8') in 0.002697 seconds 
  Import took 0.005198 seconds .

========================================================================
Received Import Request.
  Time since last request: 0.016210 seconds.
  path: Assets/Prefabs/Player.prefab
  artifactKey: Guid(f434ad5340fb1d3959dfeadd2899e4bb) Importer(815301076,1909f56bfc062723c751e8b465ee728b)
Start importing Assets/Prefabs/Player.prefab using Guid(f434ad5340fb1d3959dfeadd2899e4bb) Importer(815301076,1909f56bfc062723c751e8b465ee728b)  -> (artifact id: 'd95aa21a70e0481f7eb24beacef165a8') in 0.002517 seconds 
  Import took 0.004501 seconds .

========================================================================
Received Import Request.
  Time since last request: 13.446577 seconds.
  path: Assets/Scripts/InputHandler.cs
  artifactKey: Guid(b272bb30c23fce275a87c6226887bb1e) Importer(815301076,1909f56bfc062723c751e8b465ee728b)
Start importing Assets/Scripts/InputHandler.cs using Guid(b272bb30c23fce275a87c6226887bb1e) Importer(815301076,1909f56bfc062723c751e8b465ee728b)  -> (artifact id: 'f3b313a0d3515e760a78e04c25741d4d') in 0.000535 seconds 
  Import took 0.002564 seconds .

========================================================================
Received Import Request.
  Time since last request: 98.532186 seconds.
  path: Assets/Materials
  artifactKey: Guid(929f24d8de2c7f15f9ea1f1ff3559cc1) Importer(815301076,1909f56bfc062723c751e8b465ee728b)
Start importing Assets/Materials using Guid(929f24d8de2c7f15f9ea1f1ff3559cc1) Importer(815301076,1909f56bfc062723c751e8b465ee728b)  -> (artifact id: 'd4ea36d9bc01292bb6b1642a4d3bf4f9') in 0.000782 seconds 
  Import took 0.002668 seconds .

========================================================================
Received Import Request.
  Time since last request: 8.205173 seconds.
  path: Assets/Models
  artifactKey: Guid(639a55b75edc1e748a93f9c8fe45fcaf) Importer(815301076,1909f56bfc062723c751e8b465ee728b)
Start importing Assets/Models using Guid(639a55b75edc1e748a93f9c8fe45fcaf) Importer(815301076,1909f56bfc062723c751e8b465ee728b)  -> (artifact id: '1a16786b02e47b2e1eb93a90d4c319a0') in 0.000729 seconds 
  Import took 0.002790 seconds .

========================================================================
Received Import Request.
  Time since last request: 7.847303 seconds.
  path: Assets/Presets
  artifactKey: Guid(86eb3ab546b35ee1085292b2488ee104) Importer(815301076,1909f56bfc062723c751e8b465ee728b)
Start importing Assets/Presets using Guid(86eb3ab546b35ee1085292b2488ee104) Importer(815301076,1909f56bfc062723c751e8b465ee728b)  -> (artifact id: '0b101cf21cb26c31ada15f3888d569c4') in 0.000737 seconds 
  Import took 0.002607 seconds .

========================================================================
Received Import Request.
  Time since last request: 6.565185 seconds.
  path: Assets/Sprites
  artifactKey: Guid(7d703cd40149674e99f71da1fab69581) Importer(815301076,1909f56bfc062723c751e8b465ee728b)
Start importing Assets/Sprites using Guid(7d703cd40149674e99f71da1fab69581) Importer(815301076,1909f56bfc062723c751e8b465ee728b)  -> (artifact id: '46732423e88a65551bf67cf83cfad2f5') in 0.000716 seconds 
  Import took 0.002693 seconds .

========================================================================
Received Import Request.
  Time since last request: 4.929799 seconds.
  path: Assets/Textures
  artifactKey: Guid(a8f5f5329bc981445b6b368cc8d94f1d) Importer(815301076,1909f56bfc062723c751e8b465ee728b)
Start importing Assets/Textures using Guid(a8f5f5329bc981445b6b368cc8d94f1d) Importer(815301076,1909f56bfc062723c751e8b465ee728b)  -> (artifact id: '1402356485c7b9c21502db4a27aabdcd') in 0.000770 seconds 
  Import took 0.002914 seconds .

========================================================================
Received Import Request.
  Time since last request: 123.176582 seconds.
  path: Assets/Prefabs/Player.prefab
  artifactKey: Guid(f434ad5340fb1d3959dfeadd2899e4bb) Importer(815301076,1909f56bfc062723c751e8b465ee728b)
Start importing Assets/Prefabs/Player.prefab using Guid(f434ad5340fb1d3959dfeadd2899e4bb) Importer(815301076,1909f56bfc062723c751e8b465ee728b)  -> (artifact id: 'be6d1170a574393dc5b831ad060a76da') in 0.002274 seconds 
  Import took 0.004054 seconds .

========================================================================
Received Import Request.
  Time since last request: 3.241368 seconds.
  path: Assets/Prefabs/Player.prefab
  artifactKey: Guid(f434ad5340fb1d3959dfeadd2899e4bb) Importer(815301076,1909f56bfc062723c751e8b465ee728b)
Start importing Assets/Prefabs/Player.prefab using Guid(f434ad5340fb1d3959dfeadd2899e4bb) Importer(815301076,1909f56bfc062723c751e8b465ee728b)  -> (artifact id: '4cab72e40c1f921d0a1507d02560e1f0') in 0.002321 seconds 
  Import took 0.004470 seconds .

========================================================================
Received Import Request.
  Time since last request: 14.572193 seconds.
  path: Assets/Prefabs/Player.prefab
  artifactKey: Guid(f434ad5340fb1d3959dfeadd2899e4bb) Importer(815301076,1909f56bfc062723c751e8b465ee728b)
Start importing Assets/Prefabs/Player.prefab using Guid(f434ad5340fb1d3959dfeadd2899e4bb) Importer(815301076,1909f56bfc062723c751e8b465ee728b)  -> (artifact id: '91e2ff510e04a18b78af89b415f74814') in 0.002184 seconds 
  Import took 0.003959 seconds .

========================================================================
Received Import Request.
  Time since last request: 10.941701 seconds.
  path: Assets/Prefabs/Player.prefab
  artifactKey: Guid(f434ad5340fb1d3959dfeadd2899e4bb) Importer(815301076,1909f56bfc062723c751e8b465ee728b)
Start importing Assets/Prefabs/Player.prefab using Guid(f434ad5340fb1d3959dfeadd2899e4bb) Importer(815301076,1909f56bfc062723c751e8b465ee728b)  -> (artifact id: 'dabcdd413fb29fe1323713adab4d4336') in 0.047829 seconds 
  Import took 0.049757 seconds .

========================================================================
Received Import Request.
  Time since last request: 192.268535 seconds.
  path: Assets/Scripts/PlayerMovement.cs
  artifactKey: Guid(1e8dcc3748e881fd9af38eb28530afaa) Importer(815301076,1909f56bfc062723c751e8b465ee728b)
Start importing Assets/Scripts/PlayerMovement.cs using Guid(1e8dcc3748e881fd9af38eb28530afaa) Importer(815301076,1909f56bfc062723c751e8b465ee728b)  -> (artifact id: '1e86b421e1a20c7f041d640b3806c527') in 0.000605 seconds 
  Import took 0.002886 seconds .

========================================================================
Received Import Request.
  Time since last request: 207.245843 seconds.
  path: Assets/Prefabs/Player.prefab
  artifactKey: Guid(f434ad5340fb1d3959dfeadd2899e4bb) Importer(815301076,1909f56bfc062723c751e8b465ee728b)
Start importing Assets/Prefabs/Player.prefab using Guid(f434ad5340fb1d3959dfeadd2899e4bb) Importer(815301076,1909f56bfc062723c751e8b465ee728b)  -> (artifact id: '0883837eb6de1c6f4aa2d81be12a9368') in 0.004358 seconds 
  Import took 0.006257 seconds .

========================================================================
Received Import Request.
  Time since last request: 17.762458 seconds.
  path: Assets/Scripts/InputHandler.cs
  artifactKey: Guid(b272bb30c23fce275a87c6226887bb1e) Importer(815301076,1909f56bfc062723c751e8b465ee728b)
Start importing Assets/Scripts/InputHandler.cs using Guid(b272bb30c23fce275a87c6226887bb1e) Importer(815301076,1909f56bfc062723c751e8b465ee728b)  -> (artifact id: 'b6769783b888ce4a1f1fc85762aa423a') in 0.000573 seconds 
  Import took 0.002520 seconds .

========================================================================
Received Import Request.
  Time since last request: 12.441704 seconds.
  path: Assets/Scripts/InputHandler.cs
  artifactKey: Guid(b272bb30c23fce275a87c6226887bb1e) Importer(815301076,1909f56bfc062723c751e8b465ee728b)
Start importing Assets/Scripts/InputHandler.cs using Guid(b272bb30c23fce275a87c6226887bb1e) Importer(815301076,1909f56bfc062723c751e8b465ee728b)  -> (artifact id: '059bf4cf82137e58caef7b1369cdaf98') in 0.000812 seconds 
  Import took 0.002822 seconds .

